#
# A fatal error has been detected by the Java Runtime Environment:
#
#  EXCEPTION_UNCAUGHT_CXX_EXCEPTION (0xe06d7363) at pc=0x000007fefcbeb3dd, pid=13196, tid=5088
#
# JRE version: Java(TM) SE Runtime Environment (8.0_65-b17) (build 1.8.0_65-b17)
# Java VM: Java HotSpot(TM) 64-Bit Server VM (25.65-b01 mixed mode windows-amd64 compressed oops)
# Problematic frame:
# C  [KERNELBASE.dll+0xb3dd]
#
# Failed to write core dump. Minidumps are not enabled by default on client versions of Windows
#
# If you would like to submit a bug report, please visit:
#   http://bugreport.java.com/bugreport/crash.jsp
# The crash happened outside the Java Virtual Machine in native code.
# See problematic frame for where to report the bug.
#

---------------  T H R E A D  ---------------

Current thread (0x0000000002aaf000):  JavaThread "main" [_thread_in_native, id=5088, stack(0x0000000002be0000,0x0000000002ce0000)]

siginfo: ExceptionCode=0xe06d7363, ExceptionInformation=0x0000000019930520 0x0000000002cdf2e8 0x000007fecf3f9ca8 0x000007feced70000 

Registers:
RAX=0x000000007e8ec530, RBX=0x000007fecf3f9ca8, RCX=0x0000000002cdeb60, RDX=0x00000000000000d0
RSP=0x0000000002cdf170, RBP=0x0000000002cdf2a0, RSI=0x0000000000000058, RDI=0x0000000002cdf2e8
R8 =0x0000000000000000, R9 =0x0000000000000000, R10=0x000007feced70000, R11=0x0000000002cdf1b0
R12=0x0000000000000000, R13=0x000000001c7a1a70, R14=0x0000000002cdf490, R15=0x00000000003b8930
RIP=0x000007fefcbeb3dd, EFLAGS=0x0000000000000206

Top of Stack: (sp=0x0000000002cdf170)
0x0000000002cdf170:   000007fecf3f9ca8 0000000000000058
0x0000000002cdf180:   0000000002cdf2e8 000007fed1316901
0x0000000002cdf190:   00000001e06d7363 0000000000000000
0x0000000002cdf1a0:   000007fefcbeb3dd 000007fe00000004
0x0000000002cdf1b0:   0000000019930520 0000000002cdf2e8
0x0000000002cdf1c0:   000007fecf3f9ca8 000007feced70000
0x0000000002cdf1d0:   0000000002cdf308 0000000002cdf258
0x0000000002cdf1e0:   00000000003b8930 0000000002cdf490
0x0000000002cdf1f0:   0000000000332430 0000000000000000
0x0000000002cdf200:   00000000000000db 0000000002cdf2e8
0x0000000002cdf210:   0000000002cdf490 000000001c7a1a70
0x0000000002cdf220:   0000000000000000 0000000002cdf2e8
0x0000000002cdf230:   0000000000000058 000007fed130ef63
0x0000000002cdf240:   000007fecf3f9ca8 0000000002cdf2b0
0x0000000002cdf250:   0000000000000001 000007feced70110
0x0000000002cdf260:   00000001e06d7363 0000000000000000 

Instructions: (pc=0x000007fefcbeb3dd)
0x000007fefcbeb3bd:   54 24 24 48 89 4c 24 28 4d 85 c9 0f 85 aa 06 00
0x000007fefcbeb3cd:   00 89 4c 24 38 48 8d 4c 24 20 ff 15 c3 fe 03 00
0x000007fefcbeb3dd:   48 81 c4 c8 00 00 00 c3 48 85 f6 74 08 83 3b 00
0x000007fefcbeb3ed:   76 03 66 89 16 bd 01 00 00 00 3b fd 0f 84 d6 02 


Register to memory mapping:

RAX=0x000000007e8ec530 is an unknown value
RBX=0x000007fecf3f9ca8 is an unknown value
RCX=0x0000000002cdeb60 is pointing into the stack for thread: 0x0000000002aaf000
RDX=0x00000000000000d0 is an unknown value
RSP=0x0000000002cdf170 is pointing into the stack for thread: 0x0000000002aaf000
RBP=0x0000000002cdf2a0 is pointing into the stack for thread: 0x0000000002aaf000
RSI=0x0000000000000058 is an unknown value
RDI=0x0000000002cdf2e8 is pointing into the stack for thread: 0x0000000002aaf000
R8 =0x0000000000000000 is an unknown value
R9 =0x0000000000000000 is an unknown value
R10=0x000007feced70000 is an unknown value
R11=0x0000000002cdf1b0 is pointing into the stack for thread: 0x0000000002aaf000
R12=0x0000000000000000 is an unknown value
R13={method} {0x000000001c7a1a78} 'getXVarNames' '(Ljava/lang/String;Ljava/lang/String;)[Ljava/lang/String;' in 'com/cmclinnovations/modsapi/MoDSAPI'
R14=0x0000000002cdf490 is pointing into the stack for thread: 0x0000000002aaf000
R15=0x00000000003b8930 is an unknown value


Stack: [0x0000000002be0000,0x0000000002ce0000],  sp=0x0000000002cdf170,  free space=1020k
Native frames: (J=compiled Java code, j=interpreted, Vv=VM code, C=native code)
C  [KERNELBASE.dll+0xb3dd]
C  [MSVCR120.dll+0x5ef63]
C  [MoDS_Java_API.dll+0xe4e8]
C  [MoDS_Java_API.dll+0x1b88b]
C  [MoDS_Java_API.dll+0x559f]
C  [MoDS_Java_API.dll+0x63e2]
C  0x0000000002fc5e34

Java frames: (J=compiled Java code, j=interpreted, Vv=VM code)
j  com.cmclinnovations.modsapi.MoDSAPI.getXVarNames(Ljava/lang/String;Ljava/lang/String;)[Ljava/lang/String;+0
j  com.cmclinnovations.modsapi.MoDSAPI.getXVarNamesFromAPI(Ljava/lang/String;Ljava/lang/String;)Ljava/util/ArrayList;+2
j  PWServlet.SurrogateModel_test.main([Ljava/lang/String;)V+155
v  ~StubRoutines::call_stub

---------------  P R O C E S S  ---------------

Java Threads: ( => current thread )
  0x000000001ddd9800 JavaThread "Service Thread" daemon [_thread_blocked, id=22352, stack(0x000000001eed0000,0x000000001efd0000)]
  0x000000001dd6e800 JavaThread "C1 CompilerThread3" daemon [_thread_blocked, id=12124, stack(0x000000001fa80000,0x000000001fb80000)]
  0x000000001dd44800 JavaThread "C2 CompilerThread2" daemon [_thread_blocked, id=16356, stack(0x000000001f850000,0x000000001f950000)]
  0x000000001dd3d800 JavaThread "C2 CompilerThread1" daemon [_thread_blocked, id=16480, stack(0x000000001f650000,0x000000001f750000)]
  0x000000001dd38000 JavaThread "C2 CompilerThread0" daemon [_thread_blocked, id=9060, stack(0x000000001f460000,0x000000001f560000)]
  0x000000001dd35000 JavaThread "Attach Listener" daemon [_thread_blocked, id=8768, stack(0x000000001ec30000,0x000000001ed30000)]
  0x000000001dd34000 JavaThread "Signal Dispatcher" daemon [_thread_blocked, id=9544, stack(0x000000001f320000,0x000000001f420000)]
  0x000000001cd8a800 JavaThread "Finalizer" daemon [_thread_blocked, id=13316, stack(0x000000001f1a0000,0x000000001f2a0000)]
  0x000000001cd89800 JavaThread "Reference Handler" daemon [_thread_blocked, id=15128, stack(0x000000001f010000,0x000000001f110000)]
=>0x0000000002aaf000 JavaThread "main" [_thread_in_native, id=5088, stack(0x0000000002be0000,0x0000000002ce0000)]

Other Threads:
  0x000000001cd84800 VMThread [stack: 0x000000001eda0000,0x000000001eea0000] [id=15724]
  0x000000001dde1000 WatcherThread [stack: 0x000000001f750000,0x000000001f850000] [id=19368]

VM state:not at safepoint (normal execution)

VM Mutex/Monitor currently owned by a thread: None

Heap:
 PSYoungGen      total 76288K, used 3932K [0x000000076b200000, 0x0000000770700000, 0x00000007c0000000)
  eden space 65536K, 6% used [0x000000076b200000,0x000000076b5d7178,0x000000076f200000)
  from space 10752K, 0% used [0x000000076fc80000,0x000000076fc80000,0x0000000770700000)
  to   space 10752K, 0% used [0x000000076f200000,0x000000076f200000,0x000000076fc80000)
 ParOldGen       total 175104K, used 0K [0x00000006c1600000, 0x00000006cc100000, 0x000000076b200000)
  object space 175104K, 0% used [0x00000006c1600000,0x00000006c1600000,0x00000006cc100000)
 Metaspace       used 2819K, capacity 4494K, committed 4864K, reserved 1056768K
  class space    used 315K, capacity 386K, committed 512K, reserved 1048576K

Card table byte_map: [0x0000000012370000,0x0000000012b70000] byte_map_base: 0x000000000ed65000

Marking Bits: (ParMarkBitMap*) 0x0000000077c4a5b0
 Begin Bits: [0x0000000013c50000, 0x0000000017bf8000)
 End Bits:   [0x0000000017bf8000, 0x000000001bba0000)

Polling page: 0x0000000000280000

CodeCache: size=245760Kb used=1191Kb max_used=1191Kb free=244569Kb
 bounds [0x0000000002fb0000, 0x0000000003220000, 0x0000000011fb0000]
 total_blobs=311 nmethods=69 adapters=155
 compilation: enabled

Compilation events (10 events):
Event: 0.084 Thread 0x000000001dd6e800 nmethod 65 0x00000000030d28d0 code [0x00000000030d2a20, 0x00000000030d2b10]
Event: 0.084 Thread 0x000000001dd38000 nmethod 64 0x00000000030d4010 code [0x00000000030d4140, 0x00000000030d41b8]
Event: 0.084 Thread 0x000000001dd6e800   66       3       java.io.WinNTFileSystem::normalize (231 bytes)
Event: 0.086 Thread 0x000000001dd6e800 nmethod 66 0x00000000030d6ed0 code [0x00000000030d72c0, 0x00000000030da6c8]
Event: 0.086 Thread 0x000000001dd6e800   68       3       sun.misc.ASCIICaseInsensitiveComparator::toLower (16 bytes)
Event: 0.086 Thread 0x000000001dd6e800 nmethod 68 0x00000000030d2450 code [0x00000000030d25c0, 0x00000000030d2810]
Event: 0.086 Thread 0x000000001dd6e800   67       3       java.lang.ref.Reference::<init> (25 bytes)
Event: 0.086 Thread 0x000000001dd6e800 nmethod 67 0x00000000030d6a50 code [0x00000000030d6bc0, 0x00000000030d6e10]
Event: 0.086 Thread 0x000000001dd6e800   69       1       java.net.URL::getRef (5 bytes)
Event: 0.086 Thread 0x000000001dd6e800 nmethod 69 0x00000000030d3d50 code [0x00000000030d3ea0, 0x00000000030d3fb0]

GC Heap History (0 events):
No events

Deoptimization events (0 events):
No events

Internal exceptions (10 events):
Event: 0.076 Thread 0x0000000002aaf000 Exception <a 'java/security/PrivilegedActionException'> (0x000000076b2b28c0) thrown at [C:\workspace\8-2-build-windows-amd64-cygwin\jdk8u65\4987\hotspot\src\share\vm\prims\jvm.cpp, line 1386]
Event: 0.076 Thread 0x0000000002aaf000 Exception <a 'java/security/PrivilegedActionException'> (0x000000076b2b2ad0) thrown at [C:\workspace\8-2-build-windows-amd64-cygwin\jdk8u65\4987\hotspot\src\share\vm\prims\jvm.cpp, line 1386]
Event: 0.077 Thread 0x0000000002aaf000 Exception <a 'java/security/PrivilegedActionException'> (0x000000076b2b44a0) thrown at [C:\workspace\8-2-build-windows-amd64-cygwin\jdk8u65\4987\hotspot\src\share\vm\prims\jvm.cpp, line 1386]
Event: 0.077 Thread 0x0000000002aaf000 Exception <a 'java/security/PrivilegedActionException'> (0x000000076b2b46b0) thrown at [C:\workspace\8-2-build-windows-amd64-cygwin\jdk8u65\4987\hotspot\src\share\vm\prims\jvm.cpp, line 1386]
Event: 0.078 Thread 0x0000000002aaf000 Exception <a 'java/security/PrivilegedActionException'> (0x000000076b2bed08) thrown at [C:\workspace\8-2-build-windows-amd64-cygwin\jdk8u65\4987\hotspot\src\share\vm\prims\jvm.cpp, line 1386]
Event: 0.078 Thread 0x0000000002aaf000 Exception <a 'java/security/PrivilegedActionException'> (0x000000076b2bef18) thrown at [C:\workspace\8-2-build-windows-amd64-cygwin\jdk8u65\4987\hotspot\src\share\vm\prims\jvm.cpp, line 1386]
Event: 0.078 Thread 0x0000000002aaf000 Exception <a 'java/security/PrivilegedActionException'> (0x000000076b2c0948) thrown at [C:\workspace\8-2-build-windows-amd64-cygwin\jdk8u65\4987\hotspot\src\share\vm\prims\jvm.cpp, line 1386]
Event: 0.078 Thread 0x0000000002aaf000 Exception <a 'java/security/PrivilegedActionException'> (0x000000076b2c0b58) thrown at [C:\workspace\8-2-build-windows-amd64-cygwin\jdk8u65\4987\hotspot\src\share\vm\prims\jvm.cpp, line 1386]
Event: 0.078 Thread 0x0000000002aaf000 Exception <a 'java/security/PrivilegedActionException'> (0x000000076b2c2708) thrown at [C:\workspace\8-2-build-windows-amd64-cygwin\jdk8u65\4987\hotspot\src\share\vm\prims\jvm.cpp, line 1386]
Event: 0.078 Thread 0x0000000002aaf000 Exception <a 'java/security/PrivilegedActionException'> (0x000000076b2c2918) thrown at [C:\workspace\8-2-build-windows-amd64-cygwin\jdk8u65\4987\hotspot\src\share\vm\prims\jvm.cpp, line 1386]

Events (10 events):
Event: 0.085 loading class sun/security/util/SignatureFileVerifier
Event: 0.085 loading class sun/security/util/SignatureFileVerifier done
Event: 0.085 loading class sun/security/util/ManifestEntryVerifier
Event: 0.085 loading class sun/security/util/ManifestEntryVerifier done
Event: 0.086 loading class java/util/concurrent/ConcurrentHashMap$ForwardingNode
Event: 0.086 loading class java/util/concurrent/ConcurrentHashMap$ForwardingNode done
Event: 0.086 loading class java/lang/UnsatisfiedLinkError
Event: 0.086 loading class java/lang/UnsatisfiedLinkError done
Event: 0.086 loading class java/lang/ClassLoaderHelper
Event: 0.086 loading class java/lang/ClassLoaderHelper done


Dynamic libraries:
0x000000013fd90000 - 0x000000013fdc7000 	C:\Program Files\Java\jre1.8.0_65\bin\javaw.exe
0x0000000076e00000 - 0x0000000076fa9000 	C:\Windows\SYSTEM32\ntdll.dll
0x0000000076be0000 - 0x0000000076d00000 	C:\Windows\system32\kernel32.dll
0x000007fefcbe0000 - 0x000007fefcc4c000 	C:\Windows\system32\KERNELBASE.dll
0x000007fefb050000 - 0x000007fefb09b000 	C:\Windows\system32\tmumh\20019\AddOn\6.70.0.1078\TmUmEvt64.dll
0x0000000076fc0000 - 0x0000000076fc7000 	C:\Windows\system32\PSAPI.DLL
0x000007fefe060000 - 0x000007fefe0d1000 	C:\Windows\system32\SHLWAPI.dll
0x000007fefd010000 - 0x000007fefd077000 	C:\Windows\system32\GDI32.dll
0x0000000076d00000 - 0x0000000076dfa000 	C:\Windows\system32\USER32.dll
0x000007fefdd70000 - 0x000007fefdd7e000 	C:\Windows\system32\LPK.dll
0x000007fefdf90000 - 0x000007fefe05a000 	C:\Windows\system32\USP10.dll
0x000007fefd5b0000 - 0x000007fefd64f000 	C:\Windows\system32\msvcrt.dll
0x000007fefd080000 - 0x000007fefd15b000 	C:\Windows\system32\ADVAPI32.dll
0x000007fefd9f0000 - 0x000007fefda0f000 	C:\Windows\SYSTEM32\sechost.dll
0x000007fefd480000 - 0x000007fefd5ad000 	C:\Windows\system32\RPCRT4.dll
0x000007fefaf70000 - 0x000007fefb044000 	C:\Windows\system32\MSVCR110.dll
0x000007fefaea0000 - 0x000007fefaf47000 	C:\Windows\system32\MSVCP110.dll
0x0000000073ff0000 - 0x00000000740ff000 	C:\Windows\system32\tmumh\20019\TmMon\1.6.0.1112\tmmon64.dll
0x000007fefcf80000 - 0x000007fefcfae000 	C:\Windows\system32\IMM32.DLL
0x000007fefe270000 - 0x000007fefe379000 	C:\Windows\system32\MSCTF.dll
0x000007fefb0c0000 - 0x000007fefb2b4000 	C:\Windows\WinSxS\amd64_microsoft.windows.common-controls_6595b64144ccf1df_6.0.7601.18837_none_fa3b1e3d17594757\COMCTL32.dll
0x0000000068970000 - 0x0000000068a42000 	C:\Program Files\Java\jre1.8.0_65\bin\msvcr100.dll
0x0000000077440000 - 0x0000000077cc9000 	C:\Program Files\Java\jre1.8.0_65\bin\server\jvm.dll
0x000007fef9070000 - 0x000007fef9079000 	C:\Windows\system32\WSOCK32.dll
0x000007fefd8c0000 - 0x000007fefd90d000 	C:\Windows\system32\WS2_32.dll
0x000007fefdd60000 - 0x000007fefdd68000 	C:\Windows\system32\NSI.dll
0x000007fef8780000 - 0x000007fef87bb000 	C:\Windows\system32\WINMM.dll
0x000007fefbc90000 - 0x000007fefbc9c000 	C:\Windows\system32\VERSION.dll
0x0000000055390000 - 0x000000005539f000 	C:\Program Files\Java\jre1.8.0_65\bin\verify.dll
0x0000000052530000 - 0x0000000052559000 	C:\Program Files\Java\jre1.8.0_65\bin\java.dll
0x0000000052510000 - 0x0000000052526000 	C:\Program Files\Java\jre1.8.0_65\bin\zip.dll
0x000007fefe380000 - 0x000007feff109000 	C:\Windows\system32\SHELL32.dll
0x000007fefdd80000 - 0x000007fefdf83000 	C:\Windows\system32\ole32.dll
0x000007fefcba0000 - 0x000007fefcbaf000 	C:\Windows\system32\profapi.dll
0x000007feced70000 - 0x000007fecf4b0000 	D:\JParkSimulator\workspace 151123\PWServlet\MoDS_Java_API.dll
0x000007fed5d20000 - 0x000007fed5dc6000 	C:\Program Files\Java\jre1.8.0_65\bin\MSVCP120.dll
0x000007fed12b0000 - 0x000007fed139f000 	C:\Program Files\Java\jre1.8.0_65\bin\MSVCR120.dll
0x000007fed1120000 - 0x000007fed12ad000 	C:\Windows\system32\msmpi.dll
0x000007fefc380000 - 0x000007fefc3d5000 	C:\Windows\system32\MSWSOCK.dll
0x000007fefc7e0000 - 0x000007fefc7eb000 	C:\Windows\system32\Secur32.dll
0x000007fefc9b0000 - 0x000007fefc9d5000 	C:\Windows\system32\SSPICLI.DLL
0x000007fefa300000 - 0x000007fefa425000 	C:\Windows\system32\dbghelp.dll

VM Arguments:
jvm_args: -Dfile.encoding=Cp1252 
java_command: PWServlet.SurrogateModel_test
java_class_path (initial): D:\JParkSimulator\workspace 151123\PWServlet\build\classes;D:\JParkSimulator\workspace 151123\PWServlet\WebContent\WEB-INF\lib\ArcGIS_Runtime_Java.jar;D:\JParkSimulator\workspace 151123\PWServlet\WebContent\WEB-INF\lib\ArcGIS_Runtime_Java_Toolkit-sources.jar;D:\JParkSimulator\workspace 151123\PWServlet\WebContent\WEB-INF\lib\ArcGIS_Runtime_Java_Toolkit.jar;D:\JParkSimulator\workspace 151123\PWServlet\WebContent\WEB-INF\lib\apache-mime4j.jar;D:\JParkSimulator\workspace 151123\PWServlet\WebContent\WEB-INF\lib\commons-codec.jar;D:\JParkSimulator\workspace 151123\PWServlet\WebContent\WEB-INF\lib\commons-logging.jar;D:\JParkSimulator\workspace 151123\PWServlet\WebContent\WEB-INF\lib\httpclient.jar;D:\JParkSimulator\workspace 151123\PWServlet\WebContent\WEB-INF\lib\httpcore.jar;D:\JParkSimulator\workspace 151123\PWServlet\WebContent\WEB-INF\lib\httpmime.jar;D:\JParkSimulator\workspace 151123\PWServlet\WebContent\WEB-INF\lib\jackson-core-lgpl.jar;D:\JParkSimulator\workspace 151123\PWServlet\WebContent\WEB-INF\lib\jackson-mapper-lgpl.jar;D:\JParkSimulator\workspace 151123\PWServlet\WebContent\WEB-INF\lib\javax.servlet.jar;D:\JParkSimulator\workspace 151123\PWServlet\WebContent\WEB-INF\lib\jcifs.jar;D:\JParkSimulator\workspace 151123\PWServlet\WebContent\WEB-INF\lib\jcommon.jar;D:\JParkSimulator\workspace 151123\PWServlet\WebContent\WEB-INF\lib\jfreechart.jar;D:\JParkSimulator\workspace 151123\PWServlet\WebContent\WEB-INF\lib\json.jar;D:\JParkSimulator\workspace 151123\PWServlet\MoDS_API-j-Git-0.1-SNAPSHOT.jar
Launcher Type: SUN_STANDARD

Environment Variables:
JAVA_HOME=C:\Program Files (x86)\Java\jdk1.8.0_65
PATH=C:/Program Files/Java/jre1.8.0_65/bin/server;C:/Program Files/Java/jre1.8.0_65/bin;C:/Program Files/Java/jre1.8.0_65/lib/amd64;C:\Program Files\Microsoft MPI\Bin\;C:\Program Files\MoDS\driver\exec\windows;C:\ProgramData\Oracle\Java\javapath;C:\Program Files (x86)\Intel\iCLS Client\;C:\Program Files\Intel\iCLS Client\;C:\Windows\system32;C:\Windows;C:\Windows\System32\Wbem;C:\Windows\System32\WindowsPowerShell\v1.0\;C:\Program Files\Intel\Intel(R) Management Engine Components\DAL;C:\Program Files (x86)\Intel\Intel(R) Management Engine Components\DAL;C:\Program Files\Intel\Intel(R) Management Engine Components\IPT;C:\Program Files (x86)\Intel\Intel(R) Management Engine Components\IPT;C:\Program Files (x86)\Microsoft SQL Server\100\Tools\Binn\;C:\Program Files\Microsoft SQL Server\100\Tools\Binn\;C:\Program Files\Microsoft SQL Server\100\DTS\Binn\;C:\Program Files (x86)\ArcGIS\EsriProductionMapping\Desktop10.2\Bin;C:\Program Files (x86)\ArcGIS\Bin;C:\Program Files (x86)\Microsoft SQL Server\80\Tools\Binn\;C:\Program Files\Microsoft SQL Server\110\Tools\Binn\;C:\Program Files (x86)\Common Files\AspenTech Shared\;C:\Program Files\Java\jdk1.6.0_39;C:\Program Files (x86)\Java\jdk1.6.0_39;C:\Program Files\MiKTeX 2.9\miktex\bin\x64\;C:\Program Files (x86)\Skype\Phone\;C:\Python34;D:\eclipse-jee-luna-SR2-win32-x86_64\eclipse;
USERNAME=Zhou
OS=Windows_NT
PROCESSOR_IDENTIFIER=Intel64 Family 6 Model 60 Stepping 3, GenuineIntel



---------------  S Y S T E M  ---------------

OS: Windows 7 , 64 bit Build 7601 (6.1.7601.19045)

CPU:total 8 (4 cores per cpu, 2 threads per core) family 6 model 60 stepping 3, cmov, cx8, fxsr, mmx, sse, sse2, sse3, ssse3, sse4.1, sse4.2, popcnt, avx, avx2, aes, clmul, erms, lzcnt, ht, tsc, tscinvbit, bmi1, bmi2

Memory: 4k page, physical 16683112k(9791760k free), swap 33364388k(24922464k free)

vm_info: Java HotSpot(TM) 64-Bit Server VM (25.65-b01) for windows-amd64 JRE (1.8.0_65-b17), built on Oct  6 2015 16:39:20 by "java_re" with MS VC++ 10.0 (VS2010)

time: Wed Dec 23 10:54:23 2015
elapsed time: 0 seconds (0d 0h 0m 0s)

